{"C:\\Users\\TEMP\\Desktop\\aula2\\index.ts": {"path":"C:\\Users\\TEMP\\Desktop\\aula2\\index.ts","statementMap":{"0":{"start":{"line":18,"column":9},"end":{"line":18,"column":13}},"1":{"start":{"line":18,"column":14},"end":{"line":18,"column":17}},"2":{"start":{"line":18,"column":18},"end":{"line":18,"column":22}},"3":{"start":{"line":18,"column":23},"end":{"line":18,"column":30}},"4":{"start":{"line":2,"column":4},"end":{"line":2,"column":null}},"5":{"start":{"line":6,"column":4},"end":{"line":6,"column":null}},"6":{"start":{"line":10,"column":4},"end":{"line":10,"column":null}},"7":{"start":{"line":10,"column":16},"end":{"line":10,"column":null}},"8":{"start":{"line":11,"column":4},"end":{"line":11,"column":null}},"9":{"start":{"line":15,"column":4},"end":{"line":15,"column":null}}},"fnMap":{"0":{"name":"soma","decl":{"start":{"line":1,"column":9},"end":{"line":1,"column":13}},"loc":{"start":{"line":1,"column":33},"end":{"line":3,"column":1}}},"1":{"name":"sub","decl":{"start":{"line":5,"column":9},"end":{"line":5,"column":12}},"loc":{"start":{"line":5,"column":33},"end":{"line":7,"column":1}}},"2":{"name":"mult","decl":{"start":{"line":9,"column":9},"end":{"line":9,"column":13}},"loc":{"start":{"line":9,"column":34},"end":{"line":12,"column":1}}},"3":{"name":"divisao","decl":{"start":{"line":14,"column":9},"end":{"line":14,"column":16}},"loc":{"start":{"line":14,"column":37},"end":{"line":16,"column":1}}}},"branchMap":{"0":{"loc":{"start":{"line":10,"column":4},"end":{"line":10,"column":null}},"type":"if","locations":[{"start":{"line":10,"column":4},"end":{"line":10,"column":null}}]}},"s":{"0":1,"1":1,"2":1,"3":1,"4":2,"5":2,"6":2,"7":0,"8":2,"9":3},"f":{"0":2,"1":2,"2":2,"3":3},"b":{"0":[0]}}
}
